2023.05.01 13:08:52 INFO  Started: Metals version 0.11.12 in workspace '/home/omkar/Dropbox/BE_project_extract_twitter_trends' for client Visual Studio Code 1.77.1.
May 01, 2023 1:08:52 PM org.flywaydb.core.internal.license.VersionPrinter printVersionOnly
INFO: Flyway Community Edition 9.16.3 by Redgate
May 01, 2023 1:08:52 PM org.flywaydb.core.internal.license.VersionPrinter printVersion
INFO: See release notes here: https://rd.gt/416ObMi
May 01, 2023 1:08:52 PM org.flywaydb.core.internal.license.VersionPrinter printVersion
INFO: 
May 01, 2023 1:08:53 PM org.flywaydb.core.internal.database.base.BaseDatabaseType createDatabase
INFO: Database: jdbc:h2:file:/home/omkar/Dropbox/BE_project_extract_twitter_trends/.metals/metals (H2 2.1)
May 01, 2023 1:08:53 PM org.flywaydb.core.internal.schemahistory.JdbcTableSchemaHistory allAppliedMigrations
INFO: Schema history table "PUBLIC"."flyway_schema_history" does not exist yet
May 01, 2023 1:08:53 PM org.flywaydb.core.internal.command.DbValidate validate
INFO: Successfully validated 4 migrations (execution time 00:00.038s)
May 01, 2023 1:08:53 PM org.flywaydb.core.internal.schemahistory.JdbcTableSchemaHistory create
INFO: Creating Schema History table "PUBLIC"."flyway_schema_history" ...
May 01, 2023 1:08:53 PM org.flywaydb.core.internal.command.DbMigrate migrateGroup
INFO: Current version of schema "PUBLIC": << Empty Schema >>
May 01, 2023 1:08:53 PM org.flywaydb.core.internal.command.DbMigrate doMigrateGroup
INFO: Migrating schema "PUBLIC" to version "1 - Create tables"
May 01, 2023 1:08:53 PM org.flywaydb.core.internal.command.DbMigrate doMigrateGroup
INFO: Migrating schema "PUBLIC" to version "2 - Server discovery"
May 01, 2023 1:08:53 PM org.flywaydb.core.internal.command.DbMigrate doMigrateGroup
INFO: Migrating schema "PUBLIC" to version "3 - Jar symbols"
May 01, 2023 1:08:53 PM org.flywaydb.core.internal.command.DbMigrate doMigrateGroup
INFO: Migrating schema "PUBLIC" to version "4 - Fingerprints"
May 01, 2023 1:08:53 PM org.flywaydb.core.internal.command.DbMigrate logSummary
INFO: Successfully applied 4 migrations to schema "PUBLIC", now at version v4 (execution time 00:00.119s)
2023.05.01 13:08:53 INFO  time: initialize in 1.1s
2023.05.01 13:08:57 WARN  Build server is not auto-connectable.
2023.05.01 13:08:57 WARN  no build tool detected in workspace '/home/omkar/Dropbox/BE_project_extract_twitter_trends'. The most common cause for this problem is that the editor was opened in the wrong working directory, for example if you use sbt then the workspace directory should contain build.sbt. 
2023.05.01 17:05:51 INFO  Shutting down server
2023.05.01 17:05:51 INFO  shutting down Metals
2023.05.01 17:05:51 INFO  Exiting server
